{"level":"debug","message":"GET en / - 20:21:44"}
{"level":"debug","message":"GET en /login - 20:21:45"}
{"level":"debug","message":"GET en /static/js/login.js - 20:21:45"}
{"level":"debug","message":"GET en /static/css/main.css - 20:21:45"}
{"level":"debug","message":"GET en /favicon.ico - 20:21:46"}
{"level":"debug","message":"GET en /static/css/main.css - 20:21:50"}
{"level":"debug","message":"GET en /register - 20:22:29"}
{"level":"debug","message":"GET en /static/js/registerForm.js - 20:22:29"}
{"level":"debug","message":"GET en /static/css/main.css - 20:22:29"}
{"level":"debug","message":"GET en /login - 20:23:29"}
{"level":"debug","message":"GET en /static/css/main.css - 20:23:29"}
{"level":"debug","message":"GET en /static/js/login.js - 20:23:29"}
{"level":"debug","message":"GET en /favicon.ico - 20:23:31"}
{"level":"debug","message":"GET en /register - 20:23:34"}
{"level":"debug","message":"GET en /static/css/main.css - 20:23:34"}
{"level":"debug","message":"GET en /static/js/registerForm.js - 20:23:34"}
{"level":"debug","message":"GET en /api/user/emailpassword - 20:23:47"}
{"level":"debug","message":"GET en /login - 20:23:47"}
{"level":"debug","message":"GET en /static/css/main.css - 20:23:47"}
{"level":"debug","message":"GET en /static/js/login.js - 20:23:47"}
{"level":"debug","message":"GET en /api/user/emailpassword - 20:23:56"}
{"level":"debug","message":"GET en /login - 20:23:56"}
{"level":"debug","message":"GET en /static/css/main.css - 20:23:56"}
{"level":"debug","message":"GET en /static/js/login.js - 20:23:56"}
{"level":"debug","message":"GET en /register - 20:24:23"}
{"level":"debug","message":"GET en /static/css/main.css - 20:24:23"}
{"level":"debug","message":"GET en /static/js/registerForm.js - 20:24:23"}
{"level":"debug","message":"GET en /register - 20:25:14"}
{"level":"debug","message":"GET en /static/css/main.css - 20:25:14"}
{"level":"debug","message":"GET en /static/js/registerForm.js - 20:25:14"}
{"level":"debug","message":"GET en /favicon.ico - 20:25:16"}
{"level":"debug","message":"POST en /api/user - 20:25:48"}
{"level":"debug","message":"GET en /products - 20:25:48"}
{"level":"debug","message":"GET en /static/css/main.css - 20:25:48"}
{"level":"debug","message":"GET en /static/js/products.js - 20:25:48"}
{"level":"debug","message":"GET en /register - 20:31:09"}
{"level":"debug","message":"GET en /static/css/main.css - 20:31:10"}
{"level":"debug","message":"GET en /static/js/registerForm.js - 20:31:10"}
